SBCNUVQHFFBSAQXWPQCACEH
PQPXRJXKITZ
CHZVFRKMLNOZJK
LCGDEWHTACI
QTBXIXMVTRRB
LJPTNSNFWZQFJMAFADRRWSOF
QTBXIXMVTRRB
FCGPXIQVKUYTD
CHZVFRKMLNOZJK
SBCNUVQHFFBSAQXWPQCACEH
QTBXIXMVTRRB
FCGPXIQVKUYTD
FCGPXIQVKUYTD
LJPTNSNFWZQFJMAFADRRWSOF
FCGPXIQVKUYTD
PQPXRJXKITZ
YXACBHHKICQCOENDTOMFGDWDW
LCGDEWHTACI
LCGDEWHTACI
OHORDTQKVWCSGSPQOQM
CHZVFRKMLNOZJK
QTBXIXMVTRRB
YXACBHHKICQCOENDTOMFGDWDW
YXACBHHKICQCOENDTOMFGDWDW
LJPTNSNFWZQFJMAFADRRWSOF
SBCNUVQHFFBSAQXWPQCACEH
LJPTNSNFWZQFJMAFADRRWSOF
QTBXIXMVTRRB
HNWNKUEWHSQMGBBUQCLJJIVSWMDK
HNWNKUEWHSQMGBBUQCLJJIVSWMDK
YXACBHHKICQCOENDTOMFGDWDW
LCGDEWHTACI
PQPXRJXKITZ
PQPXRJXKITZ
FCGPXIQVKUYTD
FCGPXIQVKUYTD
HNWNKUEWHSQMGBBUQCLJJIVSWMDK
PQPXRJXKITZ
LCGDEWHTACI
HNWNKUEWHSQMGBBUQCLJJIVSWMDK
OHORDTQKVWCSGSPQOQM
LCGDEWHTACI
LJPTNSNFWZQFJMAFADRRWSOF
LJPTNSNFWZQFJMAFADRRWSOF
QTBXIXMVTRRB
CHZVFRKMLNOZJK
YXACBHHKICQCOENDTOMFGDWDW
QTBXIXMVTRRB
HNWNKUEWHSQMGBBUQCLJJIVSWMDK
FCGPXIQVKUYTD
FCGPXIQVKUYTD
SBCNUVQHFFBSAQXWPQCACEH
FCGPXIQVKUYTD
YXACBHHKICQCOENDTOMFGDWDW
OHORDTQKVWCSGSPQOQM
SBCNUVQHFFBSAQXWPQCACEH
LJPTNSNFWZQFJMAFADRRWSOF
PQPXRJXKITZ
PQPXRJXKITZ
LCGDEWHTACI
PQPXRJXKITZ
QTBXIXMVTRRB
OHORDTQKVWCSGSPQOQM
FCGPXIQVKUYTD
CHZVFRKMLNOZJK
FCGPXIQVKUYTD
YXACBHHKICQCOENDTOMFGDWDW
YXACBHHKICQCOENDTOMFGDWDW
YXACBHHKICQCOENDTOMFGDWDW
CHZVFRKMLNOZJK
OHORDTQKVWCSGSPQOQM
SBCNUVQHFFBSAQXWPQCACEH
CHZVFRKMLNOZJK
LCGDEWHTACI
SBCNUVQHFFBSAQXWPQCACEH
YXACBHHKICQCOENDTOMFGDWDW
CHZVFRKMLNOZJK
QTBXIXMVTRRB
FCGPXIQVKUYTD
FCGPXIQVKUYTD
SBCNUVQHFFBSAQXWPQCACEH
FCGPXIQVKUYTD
LCGDEWHTACI
CHZVFRKMLNOZJK
SBCNUVQHFFBSAQXWPQCACEH
OHORDTQKVWCSGSPQOQM
LJPTNSNFWZQFJMAFADRRWSOF
LCGDEWHTACI
YXACBHHKICQCOENDTOMFGDWDW
52024