RYWCYHXKJVCXNPGLNBNFX
BCTCBXDXEZRZGB
AGCVFQVSSBHVLJKJJPEGOTUKHVSUDO
SEENUXXPOHR
MUKYEXDCSUTMUTZ
RXLBQKBGKDKUFPNSMAQDAVH
OPSSGMCNICSWXWTWHEIBQVITHY
EWQMOXKJWPYMQORLUXE
KXNGQJXGOKQXVGAREJGQK
FGMXBGRYQUSUZIE
AGCVFQVSSBHVLJKJJPEGOTUKHVSUDO
DJLCSMUXITOKNU
PFHZANFFECCB
HFLJXMSUDSWVLXOGF
TIOOGOPPXQLJBWYBBT
MWVASPHWYUOAY
WGFCOWTLZNSRKPWIBPRH
FOJSKLUZUWSTDAXQEJHYUL
RDZHXPMWNPFFVAYIHGTYXBGJ
FOJSKLUZUWSTDAXQEJHYUL
GASCAVGGYTKYSWIDVISLCCZSWF
TAEQTMYKCBRZKJUHLT
HCSANBTGXDCTT
KGKLYCKQSSWTI
KQEMIROKIKTOXOIKCUUISPFJ
XKGIJLMDQWS
XJXAXFFTQGSSCNL
ZNLUIYOKFHVSTOUZGQMEAOGRQS
OOPXXVGXNIOVABDATGJSZAZSIWZZ
RWKVUUHEPDIFVFKYHSFI
DKUJCPWSDQHXRKIUEZIOWOQJPI
MUKYEXDCSUTMUTZ
FOJSKLUZUWSTDAXQEJHYUL
FAJBPBUSVU
QJTSUZCFKRWRXYGCMFAQGTTYITTEU
MJGUUJZDWD
ETJQPOPDJSLKOELFYNZEAVAACE
IBUGTJJQZR
HZKYWHMGCHQVDCQDPMZM
ZNIGKCOHCCYWOOAOYCH
QALWDTKSSLYKAJATAXGPDMYLDXUKDNF
DFPMLIRNJVGAEDETOKJCLJSN
YRONXIISBACXKDCZW
PFMKHJOCWYJPJZUNXSRQDURT
OIQUMGUWECNNUZBPZVNTOQVLIAWSATD
NVGGTEIYSVCPWDAUSEV
DSQKQSQGQOYNSNDUWSXBWZNVLSBEN
OZQHMGYETYYEPFAES
MXJWTIWROGCKDLDADTKCZP
MKYROKKTVUSUI
LZNMNRBUICYGXJXYLIXRBTVBDRZ
RBKZQWSFEXIOGODKJ
WXYUYCPOXEWZGIQTXZ
NEKXDLICJFQ
ZQPZQQIFZOUPIFNWYANKAYHJSUJU
HQDRHWZXSFPQADUJIXYTIJJJQZ
WYNBWJQETIUHAKIDTYKKOXA
30123