RHNYAKDHICZB
DIXZEIKSMPOW
FANNPNUWQKNPSU
FHMGTVPFKXECQUOBHZKFKPTETXPMDB
WGTOUFJBFKCRGYMCZNRUYIWTRV
ROCDCSTCOVFYGJXGHGSXGN
BZMPZXQZEWVWXQGATVL
ZCRYJEEYJLXHGMYWMLALIJI
YYPCVVQZXCIYYA
LLCJNZCIWFULKO
XMCNEEOVQRLYBDEVVIUONZYZLCLFU
YTVJHUOCMUQWPCSYEDTZJDSRESRLO
MFDHZRCMROWVMXLEITNENURHNGKZ
YLZAFGUSZSKCDNLJARMZDITEIPL
RATWTTVDPLJLFVN
WGTOUFJBFKCRGYMCZNRUYIWTRV
UFUDOCXIMYLPF
DSFSEEUTTMXUBSSVJKXCHTCDPBAASPU
UQOMTEYAZKWWVWZBPSKPCTGXBWYZZ
EWMWBEQOCWWETGMCWK
TXJUVNFASKPS
ZAYIAIZEMSZMMH
VQXWEYRBQYEOHAD
USTUGYVPHCMXOMEGERYMXNDKWBWVW
LGMRZNGZZYMYSWGKGDFOTXN
KPFEWJZSVPHBUCMWYVSXW
JPPMTBVUXXVJFFPGSKOS
KZWHWWBSZVYHICMFN
WMILWRECYFCKYOTDASQFY
XCYUQGHAPYPHSZASFCTCCBYGDR
TTLKVHXDOOXXKDLRHNYTPVTYRWKS
PZXDIVRQAHMZPKXUFQOWGPSGQDQ
FWBMXAEREXNLFNJPBNYQYFXJFTURZB
YAJRQDQTZSXOGG
BILFQNTJLCM
IBRXSSNKXUHCGGK
ZDTSFTESQHHCYPTAAELDHIDQAPZIVN
BHXPURYJSJ
YREFQVIONSTAUTXLRWELNQDJURF
HENULUYSKXOGXB
GLZSOULJHNMV
YTVJHUOCMUQWPCSYEDTZJDSRESRLO
FBYWKYZMXNDHZJQVRWIL
BNCTBODZYGWUZTMZKJWUBPSFZZR
QHUKRZHOZMYXZNWKXOLU
LEFGQIWINJRNH
NQCJSNHLAQCRDGHFRGRG
EOGODSJPNQXFMMIVVJURPAZSWIBDS
LJYKMAWHRGDHMVMLJRHVJSYNCLVVBMF
CLXTUMZSPTZFMTQPKGK
SBRVFGYYJOCJNKFHJYVJKEHG
BNCTBODZYGWUZTMZKJWUBPSFZZR
DPPYQNYKROMBLWSZVFMIOKT
MYFWKFTTYBWFPSRADKHBWCZLGKGB
MQYOYMZLNZNLWALQUFMTRYBOWPUQO
27014