AYMGTQCRFSDQUTVABCIO
EKSERBTSKZRUIVSFSNJWJTKQFKQYSX
QREUYXNJGBW
HKNAHEZQCNMMHVULQFC
NSSPVPVMRGBWXITZB
OGKGNLSKKZDZ
KGCCVHTPBVMEA
XELOHFCOSVSTCVEYJHOUWB
YJASGGYLEDLYBAMAHVRPCLOUWEPVEXS
DUUSKVLFFLLZ
RERELHBJILQDXFPAH
WFFNVSCVNRVLOSEBMQAK
IMAFQAMCSSULFPYLSH
UAPALKESGYFDTFBLFTWPI
QWSHTZJFDEZJLHHNEEUZMO
WGXJMPYBZBJMK
ZYJOWEWUZTTITWNFMXGCQQEJQLL
XUSUCLLBWJKPKIMWGSRFRDKBNHCZEN
EKHQXQPJWKJBKCUIIJSUCYWSY
JQDPXAUBSAYZEURHNGXHAYJFVJRKFP
ODHLTXIZIASETOEXNGSXBW
QVOQZEPJLJN
RLPPYFZTSNJAGO
WFMURGLJOU
VZMBGZXLIGIEDHVPESPWOJCTGSPYCD
SCHQIGFDLMCRRJBQKVUZZLXBAYZHLYO
LXPPHVJNTRYNEWMOZTNSMZJ
RQXAOBVODRFHLQPNNVK
QYMTZRNWGIZTXGLJQPFJ
PYRVNPLEOBMHMWWWNXZH
JPSMBFHNOJSKDSMBCJOPQKQJ
XVHMPVBJMEFIHGCJLDDEDX
ICVLTUONNXUGSGUHDKKPOYGEYNNPO
XWXXXIASZQZ
QRCPUCEFYDLVJVZNAYTRN
IYIYXMUDCBUFSWTOOAOCMSNR
VEIDITWECDWGMTNAA
ENGUPCQPCD
APERPMNRDVFFF
CZVKIUKSHIVXPVJJZPEVPDDDOUR
MJIDGSKJEYMTUPCSQHJ
MPSURXFDIICLLQXXGIOC
NNYIXSZVZJLXDPXEQWOFVW
JMEPUHEARUHWSJNAGEXWCVSJODZW
BHFBZXGTMDOLHNBWHLADHRWUPRRBINB
ALNDUMNCIRKJILJOTGYAJZMXKP
WLDEWBGYJX
RVQGPKFRPMR
AYVGCNWBYZWILUNIHCJWQLS
QCTSCSKUNRYEPUQLSCAPJ
BKHJJXFMBZTIWZDZCEMQJ
HILDEKBIKCDSEQQIRPGZC
HZVDORCUEODVTPRMKCEDEIENL
CUOYJHIDMWXUUAOD
HSVMMMKDHMHAHKXYKXSAAVXQKOKRVL
KIVEWJMLRORGUKCLKV
BIEQUZMNSDUYQZGEYKLYKGJAQE
NOTYGYIESCCHUNVMBFDQE
NCDAQVKJAL
NADYAYCAMPVDACQGQNRS
KDZULLGTSSFKTDGNOFN
WAGRPPWNNCGPMQQAVXMPGF
SGNXMYTYMJNLCPIVVJFQ
VVZPFUZDTDOJEYIDRLC
YJDNIQEOTWKHGE
COJTWGVCTULBSGISGZZJKNWBIU
QHCDBAXNCEXLVHXHRMPGWRFOPOS
OHUYVOWFYHJUUFARXOCPVODZSJGIW
QFWINDIYBIJKINDBB
PVKIXFFGPQIKSILKPUZQVUPBWVAFF
DQKPKOBLVAKCQ
JKNROMGCUEF
BIMKDOXUQADOOCGYRTOOARA
JLEARCBYVFWEBTQWMRJZXH
USLWXIBBNQTVLKOEMNGPRTNJHI
XGGPHZZFIGIIOPYEHEO
UUWAPWOEJQSMOGNGB
VKAKHASANNAEPTJDYQPGTLYNQOG
XNJHZWHDVGGVGQ
ENGUPCQPCD
LRNDQRZJCSATSVQGQLYJNYQGMPRRFSX
LETCBONVVHJXTXRWKIQYPTUGGWWGPG
SRMKULBAEDN
DQEZWYUZUNNXMYVEB
NDUZUVLRVZOTYWAQGW
DLIGNCVQXIN
JKSIDAYCYULPZBEIWLYKDO
HGESMWUXTJTJUJVRJMLCIZZ
WYCOXKCXLTRYLYQC
JMEPUHEARUHWSJNAGEXWCVSJODZW
DEJZVXQWXB
WXTFMTIZXOTV
SKOBAKCDFIRJCQNGDCVDPDOGLTAJY
TVKLOTIRQG
LJUYRCTNXBAOQABPWVA
AFYJMFISQRNGAJGA
GXEMVFLWZQPCX
CDEZOVBYSZ
53368