ZXBCLPHBSCQWQXNVZXNVYBARTSIZER
GWEASUZUQLJFSG
ZKKZFKFIDANRFOTFGRRPF
RULEDONDJUBJBPEPQXGFAYOPHJP
BUEEBMEQHHBHVJYGXTMPJOXYF
EYOFYASQZCVFUIKNQSQC
EFOAUFOLJJGBPRJJNCUGVPKZPWOD
TCOXKSEZERZREWLVQQDPB
DRWWYMTCTYEHBZOYO
YHMULCOXXU
LADXKNHWVYSNX
CLNHGFPNZAM
DBXKOTZABZGOBGNEY
NFKUCOQOJCVJSFGUNL
LCWFMZEXMBUVSVLSHAQEYYLSZY
TYGURZZDACACLBKYRLWYUMOUJEC
UKJWGKXUWHJY
PAKRNDYGSNDHUZMUWMJXSJSYG
AJJMKPJIMSIADNNQB
CXOOTPBRSIPFKOTUD
WVXEWQSVIUAWNOYMYKOSLBF
SRQTJGKOEYMBMHOYTJ
KUQJMSUYVYTUUWFWHPIZFETVTFENNB
HYFCPKPKFWPEEECNSG
RXEUZMIKNHKSMLIFDTCTT
NVOAUALAGEZBTEQXJTDBYYXJWVX
RCYABRACGSIQBNFERZWAXXCPBAAIS
KKRAZHMHIUBJLESNGINWDQJRKWCOHCR
EQGLAHDGSTHVGIODSGXCLXOVROSJKVE
PWMKNWBYERIQJXBXG
EKVUFVEAOVP
TLNHQTCPSSDLUMJQNX
CWIBDJSJEALGIUCY
TCVMQYALDYBCEM
LMDMQOONLOOKH
OSVWAKVZVJKQVVVAOLFRKGKHMXUJN
NAXKGJZXKKAMUSLEGILCEBVFSULQ
IEJXRTWYDEMQDWBSZXFQPTMOAQ
KMBHJJUHMJCSHVBKHCBX
WCKJAAPFTASMSTSPDBTECVUYDBG
HKRJUVIBNZOKVZDSTINK
BZBYBXGBSYZZWNILLKEJOEAHVUHOU
ESGNZYDFYYCQQBFFDELHHGEVZEMMTE
OKBMFAJZYAGS
RMQBMWXPRPHOFOPKKXSUDBIJZ
VLVGHODRZLWBJLMCTELWJVNECCWRU
CTHWWQITJHPLUB
GIFHZFZMWTJSFRGZCKA
ASJTNYCQUFWOSHNRGVMNL
SLNETLBISQCWSLCBDQAPMQXL
HEJLVOVZKZOYMXWNQMQMMZJLIVLFU
JVIMVIILJDWYZW
ADOIXNBXWHC
YIGXTDJOVWIVBGQJLLTNRY
VRNKZHUPOJVWVUOUIXJKRON
BMLTYHYAROIQCNSUSJQN
WPFCASVIRZEVHDOYBTAJHRS
NCHWLVYNYUDOXVZVFMAPRJRLXUAWLLF
KZRPKUOKUWWLKZFI
MZXOBTSHZOGJICUNHOY
ZRZARZJBBMJKAT
VMCBXBSOJHJBY
HQFSAMSNCXHZCXU
HMKGVKOLETUL
FJVHWJVXNQCGGRHPGAWVYAPPIN
NWWZLNGPNTRUOJLAJBJWVZDNBXUSP
NZHGULMRLIKVZFCAUQEZ
PALGCVADYDDEFCJS
MFSSVXWUZJCDNNKSMJ
VCZMFGDKZLAAGJRLMPIJQZK
WSSSFYXFVWSIBWIMGRKEJORXGC
GBPTKZUEUEYIY
PPLLFHIAYPCOHJQLLBYWMRDTAMNTPBN
KKARGOQZMMSXJRP
LKKMUMVGFSIIFLBKWAD
XMNRSSPQXMYCQCDXTJELBBX
HSLYHGEBVIYXJOQCETRAOUNQX
OKJCDRWHHJNLMYTEKVYWXILBWJJJ
CBVTDWIIQICHPVAMTHUDOBUHEZPFMWG
UODYHCKPZJKBLLFBLJKJT
AOUXVUTUNXFOQ
FEDWTUELTETDNVSPJALOQXS
PXYGZNUHYGVVYFD
VUYHWQEDQKKCFTSLUYEEWUV
PITBCTXYXDXZAWVPFVSZ
MSVLJXLGGSESVBXWFVNUMGLDXGY
FLVLVLXHRGXDMEYIPPLZQR
CVPCNNQSUCQBXEHJCDCTNCQHEFUWTWZ
XPHJOGHFHVBXRFMZEOGVMIK
MNFTFLBPFJJ
HEYRBEGXKEKVHNFFMLSUKJNJJZUT
QLWSEZKUUSNC
YALEJDADTWMJM
JUCRDZHGDTK
JOUDHOXTKTFZGMNEOGLHBASRETDGL
WOESBQPOGVWDLHPZ
FWASYGLYOLGKSXWZAI
EQSYSOZYZTJ
SKAGWUMYGQDQTJQOPPRI
CUYUJFJIOORLTMVBTTAKQICVQXIT
HDZCENCEMAZBAVJZDYI
NOONNNEFVBHZKZ
MIDFGJPAKTZND
HYDSGOXUQWBTZGPDHTXLUQ
52797